<?xml version="1.0" encoding="UTF-8"?>
<!-- Generated by org.testng.reporters.JUnitXMLReporter -->
<testsuite hostname="SHYAM-PC" name="Default test" tests="1" failures="0" timestamp="20 Jul 2020 06:43:35 GMT" time="9.059" errors="0">
  <testcase name="@BeforeMethod setup" time="0.0" classname="osss.online.MasterDistributorPageTest">
    <failure type="org.openqa.selenium.SessionNotCreatedException" message="session not created
from disconnected: received Inspector.detached event
  (Session info: chrome=84.0.4147.89)
Build info: version: &amp;apos;3.141.59&amp;apos;, revision: &amp;apos;e82be7d358&amp;apos;, time: &amp;apos;2018-11-14T08:17:03&amp;apos;
System info: host: &amp;apos;SHYAM-PC&amp;apos;, ip: &amp;apos;192.168.0.103&amp;apos;, os.name: &amp;apos;Windows 7&amp;apos;, os.arch: &amp;apos;amd64&amp;apos;, os.version: &amp;apos;6.1&amp;apos;, java.version: &amp;apos;1.8.0_211&amp;apos;
Driver info: driver.version: ChromeDriver
remote stacktrace: Backtrace:
	Ordinal0 [0x00B687E3+2852835]
	Ordinal0 [0x00A55BB1+1727409]
	Ordinal0 [0x0092E4B9+517305]
	Ordinal0 [0x00926959+485721]
	Ordinal0 [0x0092656C+484716]
	Ordinal0 [0x00925E98+482968]
	Ordinal0 [0x009252D1+479953]
	Ordinal0 [0x00925515+480533]
	Ordinal0 [0x00924F45+479045]
	Ordinal0 [0x0092D225+512549]
	Ordinal0 [0x00924F02+478978]
	Ordinal0 [0x00925B19+482073]
	Ordinal0 [0x009252D1+479953]
	Ordinal0 [0x00925515+480533]
	Ordinal0 [0x00924F45+479045]
	Ordinal0 [0x0092BA6E+506478]
	Ordinal0 [0x00924F02+478978]
	Ordinal0 [0x00925B19+482073]
	Ordinal0 [0x009252D1+479953]
	Ordinal0 [0x00925515+480533]
	Ordinal0 [0x00924F45+479045]
	Ordinal0 [0x00929FC6+499654]
	Ordinal0 [0x00924F02+478978]
	Ordinal0 [0x00925B19+482073]
	Ordinal0 [0x009252D1+479953]
	Ordinal0 [0x00925515+480533]
	Ordinal0 [0x00924F45+479045]
	Ordinal0 [0x00929587+497031]
	Ordinal0 [0x00924F02+478978]
	Ordinal0 [0x00925B19+482073]
	Ordinal0 [0x009252D1+479953]
	Ordinal0 [0x00925515+480533]
	Ordinal0 [0x00924F45+479045]
	Ordinal0 [0x009216BC+464572]
	Ordinal0 [0x00924F02+478978]
	Ordinal0 [0x00924E57+478807]
	Ordinal0 [0x0092F300+520960]
	Ordinal0 [0x008DE489+189577]
	Ordinal0 [0x008DD7FD+186365]
	Ordinal0 [0x008DB70B+177931]
	Ordinal0 [0x008C2584+75140]
	Ordinal0 [0x008C3650+79440]
	Ordinal0 [0x008C35E9+79337]
	Ordinal0 [0x00A6AD5C+1813852]
	GetHandleVerifier [0x00C8C616+1075574]
	GetHandleVerifier [0x00C8C367+1074887]
	GetHandleVerifier [0x00C97497+1120247]
	GetHandleVerifier [0x00C8CC16+1077110]
	Ordinal0 [0x00A63206+1782278]
	Ordinal0 [0x00A6C3BB+1819579]
	Ordinal0 [0x00A6C523+1819939]
	Ordinal0 [0x00A82B45+1911621]
	BaseThreadInitThunk [0x767933AA+18]
	RtlInitializeExceptionChain [0x775F9F72+99]
	RtlInitializeExceptionChain [0x775F9F45+54]
">
      <![CDATA[org.openqa.selenium.SessionNotCreatedException: session not created
from disconnected: received Inspector.detached event
  (Session info: chrome=84.0.4147.89)
Build info: version: '3.141.59', revision: 'e82be7d358', time: '2018-11-14T08:17:03'
System info: host: 'SHYAM-PC', ip: '192.168.0.103', os.name: 'Windows 7', os.arch: 'amd64', os.version: '6.1', java.version: '1.8.0_211'
Driver info: driver.version: ChromeDriver
remote stacktrace: Backtrace:
	Ordinal0 [0x00B687E3+2852835]
	Ordinal0 [0x00A55BB1+1727409]
	Ordinal0 [0x0092E4B9+517305]
	Ordinal0 [0x00926959+485721]
	Ordinal0 [0x0092656C+484716]
	Ordinal0 [0x00925E98+482968]
	Ordinal0 [0x009252D1+479953]
	Ordinal0 [0x00925515+480533]
	Ordinal0 [0x00924F45+479045]
	Ordinal0 [0x0092D225+512549]
	Ordinal0 [0x00924F02+478978]
	Ordinal0 [0x00925B19+482073]
	Ordinal0 [0x009252D1+479953]
	Ordinal0 [0x00925515+480533]
	Ordinal0 [0x00924F45+479045]
	Ordinal0 [0x0092BA6E+506478]
	Ordinal0 [0x00924F02+478978]
	Ordinal0 [0x00925B19+482073]
	Ordinal0 [0x009252D1+479953]
	Ordinal0 [0x00925515+480533]
	Ordinal0 [0x00924F45+479045]
	Ordinal0 [0x00929FC6+499654]
	Ordinal0 [0x00924F02+478978]
	Ordinal0 [0x00925B19+482073]
	Ordinal0 [0x009252D1+479953]
	Ordinal0 [0x00925515+480533]
	Ordinal0 [0x00924F45+479045]
	Ordinal0 [0x00929587+497031]
	Ordinal0 [0x00924F02+478978]
	Ordinal0 [0x00925B19+482073]
	Ordinal0 [0x009252D1+479953]
	Ordinal0 [0x00925515+480533]
	Ordinal0 [0x00924F45+479045]
	Ordinal0 [0x009216BC+464572]
	Ordinal0 [0x00924F02+478978]
	Ordinal0 [0x00924E57+478807]
	Ordinal0 [0x0092F300+520960]
	Ordinal0 [0x008DE489+189577]
	Ordinal0 [0x008DD7FD+186365]
	Ordinal0 [0x008DB70B+177931]
	Ordinal0 [0x008C2584+75140]
	Ordinal0 [0x008C3650+79440]
	Ordinal0 [0x008C35E9+79337]
	Ordinal0 [0x00A6AD5C+1813852]
	GetHandleVerifier [0x00C8C616+1075574]
	GetHandleVerifier [0x00C8C367+1074887]
	GetHandleVerifier [0x00C97497+1120247]
	GetHandleVerifier [0x00C8CC16+1077110]
	Ordinal0 [0x00A63206+1782278]
	Ordinal0 [0x00A6C3BB+1819579]
	Ordinal0 [0x00A6C523+1819939]
	Ordinal0 [0x00A82B45+1911621]
	BaseThreadInitThunk [0x767933AA+18]
	RtlInitializeExceptionChain [0x775F9F72+99]
	RtlInitializeExceptionChain [0x775F9F45+54]

	at org.openqa.selenium.remote.W3CHandshakeResponse.lambda$errorHandler$0(W3CHandshakeResponse.java:62)
	at org.openqa.selenium.remote.HandshakeResponse.lambda$getResponseFunction$0(HandshakeResponse.java:30)
	at org.openqa.selenium.remote.ProtocolHandshake.lambda$createSession$0(ProtocolHandshake.java:126)
	at java.util.stream.ReferencePipeline$3$1.accept(Unknown Source)
	at java.util.Spliterators$ArraySpliterator.tryAdvance(Unknown Source)
	at java.util.stream.ReferencePipeline.forEachWithCancel(Unknown Source)
	at java.util.stream.AbstractPipeline.copyIntoWithCancel(Unknown Source)
	at java.util.stream.AbstractPipeline.copyInto(Unknown Source)
	at java.util.stream.AbstractPipeline.wrapAndCopyInto(Unknown Source)
	at java.util.stream.FindOps$FindOp.evaluateSequential(Unknown Source)
	at java.util.stream.AbstractPipeline.evaluate(Unknown Source)
	at java.util.stream.ReferencePipeline.findFirst(Unknown Source)
	at org.openqa.selenium.remote.ProtocolHandshake.createSession(ProtocolHandshake.java:128)
	at org.openqa.selenium.remote.ProtocolHandshake.createSession(ProtocolHandshake.java:74)
	at org.openqa.selenium.remote.HttpCommandExecutor.execute(HttpCommandExecutor.java:136)
	at org.openqa.selenium.remote.service.DriverCommandExecutor.execute(DriverCommandExecutor.java:83)
	at org.openqa.selenium.remote.RemoteWebDriver.execute(RemoteWebDriver.java:552)
	at org.openqa.selenium.remote.RemoteWebDriver.startSession(RemoteWebDriver.java:213)
	at org.openqa.selenium.remote.RemoteWebDriver.<init>(RemoteWebDriver.java:131)
	at org.openqa.selenium.chrome.ChromeDriver.<init>(ChromeDriver.java:181)
	at org.openqa.selenium.chrome.ChromeDriver.<init>(ChromeDriver.java:168)
	at org.openqa.selenium.chrome.ChromeDriver.<init>(ChromeDriver.java:123)
	at TestBase.BaseClass.initialization(BaseClass.java:43)
	at osss.online.MasterDistributorPageTest.setup(MasterDistributorPageTest.java:29)
... Removed 30 stack frames]]>
    </failure>
  </testcase> <!-- @BeforeMethod setup -->
  <testcase name="ClickOnAddNewTest" time="0.002" classname="osss.online.MasterDistributorPageTest">
    <skipped/>
  </testcase> <!-- ClickOnAddNewTest -->
</testsuite> <!-- Default test -->
